2025-09-28 12:49:14,348 INFO: MAGSASA-CARD Platform startup [in /home/ubuntu/magsasa-backend-clean/app_production.py:35]
2025-09-28 12:49:14,356 INFO: ✅ Dynamic pricing blueprint registered [in /home/ubuntu/magsasa-backend-clean/app_production.py:120]
2025-09-28 12:49:15,027 INFO: MAGSASA-CARD Platform startup [in /home/ubuntu/magsasa-backend-clean/app_production.py:35]
2025-09-28 12:49:15,027 INFO: MAGSASA-CARD Platform startup [in /home/ubuntu/magsasa-backend-clean/app_production.py:35]
2025-09-28 12:49:15,031 INFO: ✅ Dynamic pricing blueprint registered [in /home/ubuntu/magsasa-backend-clean/app_production.py:120]
2025-09-28 12:49:15,031 INFO: ✅ Dynamic pricing blueprint registered [in /home/ubuntu/magsasa-backend-clean/app_production.py:120]
2025-09-28 12:49:15,033 INFO: MAGSASA-CARD Platform startup [in /home/ubuntu/magsasa-backend-clean/app_production.py:35]
2025-09-28 12:49:15,033 INFO: MAGSASA-CARD Platform startup [in /home/ubuntu/magsasa-backend-clean/app_production.py:35]
2025-09-28 12:49:15,033 INFO: MAGSASA-CARD Platform startup [in /home/ubuntu/magsasa-backend-clean/app_production.py:35]
2025-09-28 12:49:15,036 INFO: ✅ Dynamic pricing blueprint registered [in /home/ubuntu/magsasa-backend-clean/app_production.py:120]
2025-09-28 12:49:15,036 INFO: ✅ Dynamic pricing blueprint registered [in /home/ubuntu/magsasa-backend-clean/app_production.py:120]
2025-09-28 12:49:15,036 INFO: ✅ Dynamic pricing blueprint registered [in /home/ubuntu/magsasa-backend-clean/app_production.py:120]
2025-09-28 12:50:34,434 INFO: MAGSASA-CARD Platform startup [in /home/ubuntu/magsasa-backend-clean/app_production.py:35]
2025-09-28 12:50:34,440 INFO: ✅ Dynamic pricing blueprint registered [in /home/ubuntu/magsasa-backend-clean/app_production.py:120]
2025-09-28 12:51:14,226 INFO: MAGSASA-CARD Platform startup [in /home/ubuntu/magsasa-backend-clean/app_production.py:35]
2025-09-28 12:51:14,230 INFO: ✅ Dynamic pricing blueprint registered [in /home/ubuntu/magsasa-backend-clean/app_production.py:120]
2025-09-28 12:51:14,588 INFO: ✅ KaAni blueprint registered [in /home/ubuntu/magsasa-backend-clean/app_production.py:129]
2025-09-28 12:51:14,588 ERROR: ❌ Failed to import logistics blueprint: No module named 'src.routes.logistics' [in /home/ubuntu/magsasa-backend-clean/app_production.py:141]
2025-09-28 12:51:14,589 INFO: MAGSASA-CARD Platform startup [in /home/ubuntu/magsasa-backend-clean/app_production.py:35]
2025-09-28 12:51:14,589 INFO: MAGSASA-CARD Platform startup [in /home/ubuntu/magsasa-backend-clean/app_production.py:35]
2025-09-28 12:51:14,592 INFO: ✅ Dynamic pricing blueprint registered [in /home/ubuntu/magsasa-backend-clean/app_production.py:120]
2025-09-28 12:51:14,592 INFO: ✅ Dynamic pricing blueprint registered [in /home/ubuntu/magsasa-backend-clean/app_production.py:120]
2025-09-28 12:51:14,596 INFO: ✅ KaAni blueprint registered [in /home/ubuntu/magsasa-backend-clean/app_production.py:129]
2025-09-28 12:51:14,596 INFO: ✅ KaAni blueprint registered [in /home/ubuntu/magsasa-backend-clean/app_production.py:129]
2025-09-28 12:51:14,596 ERROR: ❌ Failed to import logistics blueprint: No module named 'src.routes.logistics' [in /home/ubuntu/magsasa-backend-clean/app_production.py:141]
2025-09-28 12:51:14,596 ERROR: ❌ Failed to import logistics blueprint: No module named 'src.routes.logistics' [in /home/ubuntu/magsasa-backend-clean/app_production.py:141]
2025-09-28 12:51:14,602 INFO: Request: GET http://localhost/health from 127.0.0.1 [in /home/ubuntu/magsasa-backend-clean/app_production.py:249]
2025-09-28 12:51:14,602 INFO: Request: GET http://localhost/health from 127.0.0.1 [in /home/ubuntu/magsasa-backend-clean/app_production.py:249]
